<?xml version="1.0" encoding="UTF-8"?>
<!-- Generated by org.testng.reporters.JUnitReportReporter -->
<testsuite hostname="ADMIN" failures="0" tests="1" name="signup_process" time="0.363" errors="0" timestamp="2023-10-23T11:43:44 EET" skipped="0">
  <testcase classname="signup_process" name="myTest" time="0.363"/>
  <system-out/>
</testsuite> <!-- signup_process -->
